2022-06-03 22:01:57.491  INFO 17060 --- [main] com.zdpx.weekly.WeeklyApplication        : Starting WeeklyApplication using Java 1.8.0_201 on DESKTOP-VRBHTPI with PID 17060 (D:\zdpx\weekly\target\classes started by guowx in D:\zdpx\weekly)
2022-06-03 22:01:57.493  INFO 17060 --- [main] com.zdpx.weekly.WeeklyApplication        : No active profile set, falling back to 1 default profile: "default"
2022-06-03 22:01:58.289  INFO 17060 --- [main] trationDelegate$BeanPostProcessorChecker : Bean 'org.springframework.ws.config.annotation.DelegatingWsConfiguration' of type [org.springframework.ws.config.annotation.DelegatingWsConfiguration$$EnhancerBySpringCGLIB$$a0aba98e] is not eligible for getting processed by all BeanPostProcessors (for example: not eligible for auto-proxying)
2022-06-03 22:01:58.314  INFO 17060 --- [main] .w.s.a.s.AnnotationActionEndpointMapping : Supporting [WS-Addressing August 2004, WS-Addressing 1.0]
2022-06-03 22:01:58.497  INFO 17060 --- [main] o.s.b.w.embedded.tomcat.TomcatWebServer  : Tomcat initialized with port(s): 8080 (http)
2022-06-03 22:01:58.505  INFO 17060 --- [main] o.apache.catalina.core.StandardService   : Starting service [Tomcat]
2022-06-03 22:01:58.505  INFO 17060 --- [main] org.apache.catalina.core.StandardEngine  : Starting Servlet engine: [Apache Tomcat/9.0.63]
2022-06-03 22:01:58.612  INFO 17060 --- [main] o.a.c.c.C.[Tomcat].[localhost].[/]       : Initializing Spring embedded WebApplicationContext
2022-06-03 22:01:58.612  INFO 17060 --- [main] w.s.c.ServletWebServerApplicationContext : Root WebApplicationContext: initialization completed in 1081 ms
2022-06-03 22:01:58.676  INFO 17060 --- [main] o.apache.catalina.core.StandardService   : Stopping service [Tomcat]
2022-06-03 22:01:58.689  INFO 17060 --- [main] ConditionEvaluationReportLoggingListener : 

Error starting ApplicationContext. To display the conditions report re-run your application with 'debug' enabled.
2022-06-03 23:00:58.441  INFO 13064 --- [main] com.zdpx.weekly.WeeklyApplication        : Starting WeeklyApplication using Java 1.8.0_201 on DESKTOP-VRBHTPI with PID 13064 (D:\zdpx\weekly\target\classes started by guowx in D:\zdpx\weekly)
2022-06-03 23:00:58.444  INFO 13064 --- [main] com.zdpx.weekly.WeeklyApplication        : No active profile set, falling back to 1 default profile: "default"
2022-06-03 23:00:59.081  INFO 13064 --- [main] trationDelegate$BeanPostProcessorChecker : Bean 'org.springframework.ws.config.annotation.DelegatingWsConfiguration' of type [org.springframework.ws.config.annotation.DelegatingWsConfiguration$$EnhancerBySpringCGLIB$$2ff3599d] is not eligible for getting processed by all BeanPostProcessors (for example: not eligible for auto-proxying)
2022-06-03 23:00:59.106  INFO 13064 --- [main] .w.s.a.s.AnnotationActionEndpointMapping : Supporting [WS-Addressing August 2004, WS-Addressing 1.0]
2022-06-03 23:00:59.294  INFO 13064 --- [main] o.s.b.w.embedded.tomcat.TomcatWebServer  : Tomcat initialized with port(s): 8080 (http)
2022-06-03 23:00:59.301  INFO 13064 --- [main] o.apache.catalina.core.StandardService   : Starting service [Tomcat]
2022-06-03 23:00:59.301  INFO 13064 --- [main] org.apache.catalina.core.StandardEngine  : Starting Servlet engine: [Apache Tomcat/9.0.63]
2022-06-03 23:00:59.401  INFO 13064 --- [main] o.a.c.c.C.[Tomcat].[localhost].[/]       : Initializing Spring embedded WebApplicationContext
2022-06-03 23:00:59.401  INFO 13064 --- [main] w.s.c.ServletWebServerApplicationContext : Root WebApplicationContext: initialization completed in 917 ms
2022-06-03 23:00:59.462  INFO 13064 --- [main] o.apache.catalina.core.StandardService   : Stopping service [Tomcat]
2022-06-03 23:00:59.475  INFO 13064 --- [main] ConditionEvaluationReportLoggingListener : 

Error starting ApplicationContext. To display the conditions report re-run your application with 'debug' enabled.
2022-06-03 23:02:16.456  INFO 16284 --- [main] com.zdpx.weekly.WeeklyApplication        : Starting WeeklyApplication using Java 1.8.0_201 on DESKTOP-VRBHTPI with PID 16284 (D:\zdpx\weekly\target\classes started by guowx in D:\zdpx\weekly)
2022-06-03 23:02:16.459  INFO 16284 --- [main] com.zdpx.weekly.WeeklyApplication        : No active profile set, falling back to 1 default profile: "default"
2022-06-03 23:02:17.014  INFO 16284 --- [main] trationDelegate$BeanPostProcessorChecker : Bean 'org.springframework.ws.config.annotation.DelegatingWsConfiguration' of type [org.springframework.ws.config.annotation.DelegatingWsConfiguration$$EnhancerBySpringCGLIB$$42b437a7] is not eligible for getting processed by all BeanPostProcessors (for example: not eligible for auto-proxying)
2022-06-03 23:02:17.036  INFO 16284 --- [main] .w.s.a.s.AnnotationActionEndpointMapping : Supporting [WS-Addressing August 2004, WS-Addressing 1.0]
2022-06-03 23:02:17.185  INFO 16284 --- [main] o.s.b.w.embedded.tomcat.TomcatWebServer  : Tomcat initialized with port(s): 8080 (http)
2022-06-03 23:02:17.191  INFO 16284 --- [main] o.apache.catalina.core.StandardService   : Starting service [Tomcat]
2022-06-03 23:02:17.191  INFO 16284 --- [main] org.apache.catalina.core.StandardEngine  : Starting Servlet engine: [Apache Tomcat/9.0.63]
2022-06-03 23:02:17.289  INFO 16284 --- [main] o.a.c.c.C.[Tomcat].[localhost].[/]       : Initializing Spring embedded WebApplicationContext
2022-06-03 23:02:17.289  INFO 16284 --- [main] w.s.c.ServletWebServerApplicationContext : Root WebApplicationContext: initialization completed in 797 ms
2022-06-03 23:02:17.339  INFO 16284 --- [main] o.apache.catalina.core.StandardService   : Stopping service [Tomcat]
2022-06-03 23:02:17.352  INFO 16284 --- [main] ConditionEvaluationReportLoggingListener : 

Error starting ApplicationContext. To display the conditions report re-run your application with 'debug' enabled.
2022-06-03 23:02:56.683  INFO 16472 --- [main] com.zdpx.weekly.WeeklyApplication        : Starting WeeklyApplication using Java 1.8.0_201 on DESKTOP-VRBHTPI with PID 16472 (D:\zdpx\weekly\target\classes started by guowx in D:\zdpx\weekly)
2022-06-03 23:02:56.685  INFO 16472 --- [main] com.zdpx.weekly.WeeklyApplication        : No active profile set, falling back to 1 default profile: "default"
2022-06-03 23:02:57.252  INFO 16472 --- [main] trationDelegate$BeanPostProcessorChecker : Bean 'org.springframework.ws.config.annotation.DelegatingWsConfiguration' of type [org.springframework.ws.config.annotation.DelegatingWsConfiguration$$EnhancerBySpringCGLIB$$3fed6b08] is not eligible for getting processed by all BeanPostProcessors (for example: not eligible for auto-proxying)
2022-06-03 23:02:57.274  INFO 16472 --- [main] .w.s.a.s.AnnotationActionEndpointMapping : Supporting [WS-Addressing August 2004, WS-Addressing 1.0]
2022-06-03 23:02:57.423  INFO 16472 --- [main] o.s.b.w.embedded.tomcat.TomcatWebServer  : Tomcat initialized with port(s): 8080 (http)
2022-06-03 23:02:57.429  INFO 16472 --- [main] o.apache.catalina.core.StandardService   : Starting service [Tomcat]
2022-06-03 23:02:57.429  INFO 16472 --- [main] org.apache.catalina.core.StandardEngine  : Starting Servlet engine: [Apache Tomcat/9.0.63]
2022-06-03 23:02:57.529  INFO 16472 --- [main] o.a.c.c.C.[Tomcat].[localhost].[/]       : Initializing Spring embedded WebApplicationContext
2022-06-03 23:02:57.529  INFO 16472 --- [main] w.s.c.ServletWebServerApplicationContext : Root WebApplicationContext: initialization completed in 811 ms
2022-06-03 23:02:58.773  INFO 16472 --- [main] o.s.b.w.embedded.tomcat.TomcatWebServer  : Tomcat started on port(s): 8080 (http) with context path ''
2022-06-03 23:02:58.780  INFO 16472 --- [main] com.zdpx.weekly.WeeklyApplication        : Started WeeklyApplication in 2.478 seconds (JVM running for 3.215)
2022-06-03 23:03:04.638  INFO 16472 --- [http-nio-8080-exec-1] o.a.c.c.C.[Tomcat].[localhost].[/]       : Initializing Spring DispatcherServlet 'dispatcherServlet'
2022-06-03 23:03:04.638  INFO 16472 --- [http-nio-8080-exec-1] o.s.web.servlet.DispatcherServlet        : Initializing Servlet 'dispatcherServlet'
2022-06-03 23:03:04.638  INFO 16472 --- [http-nio-8080-exec-1] o.s.web.servlet.DispatcherServlet        : Completed initialization in 0 ms
2022-06-03 23:05:25.267  INFO 5344 --- [main] com.zdpx.weekly.WeeklyApplication        : Starting WeeklyApplication using Java 1.8.0_201 on DESKTOP-VRBHTPI with PID 5344 (D:\zdpx\weekly\target\classes started by guowx in D:\zdpx\weekly)
2022-06-03 23:05:25.270  INFO 5344 --- [main] com.zdpx.weekly.WeeklyApplication        : No active profile set, falling back to 1 default profile: "default"
2022-06-03 23:05:25.900  INFO 5344 --- [main] trationDelegate$BeanPostProcessorChecker : Bean 'org.springframework.ws.config.annotation.DelegatingWsConfiguration' of type [org.springframework.ws.config.annotation.DelegatingWsConfiguration$$EnhancerBySpringCGLIB$$f1e26240] is not eligible for getting processed by all BeanPostProcessors (for example: not eligible for auto-proxying)
2022-06-03 23:05:25.922  INFO 5344 --- [main] .w.s.a.s.AnnotationActionEndpointMapping : Supporting [WS-Addressing August 2004, WS-Addressing 1.0]
2022-06-03 23:05:26.074  INFO 5344 --- [main] o.s.b.w.embedded.tomcat.TomcatWebServer  : Tomcat initialized with port(s): 8080 (http)
2022-06-03 23:05:26.080  INFO 5344 --- [main] o.apache.catalina.core.StandardService   : Starting service [Tomcat]
2022-06-03 23:05:26.081  INFO 5344 --- [main] org.apache.catalina.core.StandardEngine  : Starting Servlet engine: [Apache Tomcat/9.0.63]
2022-06-03 23:05:26.181  INFO 5344 --- [main] o.a.c.c.C.[Tomcat].[localhost].[/]       : Initializing Spring embedded WebApplicationContext
2022-06-03 23:05:26.181  INFO 5344 --- [main] w.s.c.ServletWebServerApplicationContext : Root WebApplicationContext: initialization completed in 870 ms
2022-06-03 23:05:27.479  INFO 5344 --- [main] o.s.b.w.embedded.tomcat.TomcatWebServer  : Tomcat started on port(s): 8080 (http) with context path ''
2022-06-03 23:05:27.486  INFO 5344 --- [main] com.zdpx.weekly.WeeklyApplication        : Started WeeklyApplication in 2.658 seconds (JVM running for 3.416)
2022-06-03 23:05:27.734  INFO 5344 --- [http-nio-8080-exec-1] o.a.c.c.C.[Tomcat].[localhost].[/]       : Initializing Spring DispatcherServlet 'dispatcherServlet'
2022-06-03 23:05:27.735  INFO 5344 --- [http-nio-8080-exec-1] o.s.web.servlet.DispatcherServlet        : Initializing Servlet 'dispatcherServlet'
2022-06-03 23:05:27.735  INFO 5344 --- [http-nio-8080-exec-1] o.s.web.servlet.DispatcherServlet        : Completed initialization in 0 ms
2022-06-03 23:06:25.067  INFO 15172 --- [main] com.zdpx.weekly.WeeklyApplication        : Starting WeeklyApplication using Java 1.8.0_201 on DESKTOP-VRBHTPI with PID 15172 (D:\zdpx\weekly\target\classes started by guowx in D:\zdpx\weekly)
2022-06-03 23:06:25.069  INFO 15172 --- [main] com.zdpx.weekly.WeeklyApplication        : No active profile set, falling back to 1 default profile: "default"
2022-06-03 23:06:25.623  INFO 15172 --- [main] trationDelegate$BeanPostProcessorChecker : Bean 'org.springframework.ws.config.annotation.DelegatingWsConfiguration' of type [org.springframework.ws.config.annotation.DelegatingWsConfiguration$$EnhancerBySpringCGLIB$$a8a80a24] is not eligible for getting processed by all BeanPostProcessors (for example: not eligible for auto-proxying)
2022-06-03 23:06:25.646  INFO 15172 --- [main] .w.s.a.s.AnnotationActionEndpointMapping : Supporting [WS-Addressing August 2004, WS-Addressing 1.0]
2022-06-03 23:06:25.797  INFO 15172 --- [main] o.s.b.w.embedded.tomcat.TomcatWebServer  : Tomcat initialized with port(s): 8080 (http)
2022-06-03 23:06:25.804  INFO 15172 --- [main] o.apache.catalina.core.StandardService   : Starting service [Tomcat]
2022-06-03 23:06:25.804  INFO 15172 --- [main] org.apache.catalina.core.StandardEngine  : Starting Servlet engine: [Apache Tomcat/9.0.63]
2022-06-03 23:06:25.904  INFO 15172 --- [main] o.a.c.c.C.[Tomcat].[localhost].[/]       : Initializing Spring embedded WebApplicationContext
2022-06-03 23:06:25.904  INFO 15172 --- [main] w.s.c.ServletWebServerApplicationContext : Root WebApplicationContext: initialization completed in 791 ms
2022-06-03 23:06:25.963  INFO 15172 --- [main] o.apache.catalina.core.StandardService   : Stopping service [Tomcat]
2022-06-03 23:06:25.983  INFO 15172 --- [main] ConditionEvaluationReportLoggingListener : 

Error starting ApplicationContext. To display the conditions report re-run your application with 'debug' enabled.
2022-06-03 23:06:50.035  INFO 10488 --- [main] com.zdpx.weekly.WeeklyApplication        : Starting WeeklyApplication using Java 1.8.0_201 on DESKTOP-VRBHTPI with PID 10488 (D:\zdpx\weekly\target\classes started by guowx in D:\zdpx\weekly)
2022-06-03 23:06:50.037  INFO 10488 --- [main] com.zdpx.weekly.WeeklyApplication        : No active profile set, falling back to 1 default profile: "default"
2022-06-03 23:06:50.578  INFO 10488 --- [main] trationDelegate$BeanPostProcessorChecker : Bean 'org.springframework.ws.config.annotation.DelegatingWsConfiguration' of type [org.springframework.ws.config.annotation.DelegatingWsConfiguration$$EnhancerBySpringCGLIB$$ccb803d4] is not eligible for getting processed by all BeanPostProcessors (for example: not eligible for auto-proxying)
2022-06-03 23:06:50.602  INFO 10488 --- [main] .w.s.a.s.AnnotationActionEndpointMapping : Supporting [WS-Addressing August 2004, WS-Addressing 1.0]
2022-06-03 23:06:50.749  INFO 10488 --- [main] o.s.b.w.embedded.tomcat.TomcatWebServer  : Tomcat initialized with port(s): 8080 (http)
2022-06-03 23:06:50.755  INFO 10488 --- [main] o.apache.catalina.core.StandardService   : Starting service [Tomcat]
2022-06-03 23:06:50.755  INFO 10488 --- [main] org.apache.catalina.core.StandardEngine  : Starting Servlet engine: [Apache Tomcat/9.0.63]
2022-06-03 23:06:50.855  INFO 10488 --- [main] o.a.c.c.C.[Tomcat].[localhost].[/]       : Initializing Spring embedded WebApplicationContext
2022-06-03 23:06:50.855  INFO 10488 --- [main] w.s.c.ServletWebServerApplicationContext : Root WebApplicationContext: initialization completed in 778 ms
2022-06-03 23:06:50.913  INFO 10488 --- [main] o.apache.catalina.core.StandardService   : Stopping service [Tomcat]
2022-06-03 23:06:50.925  INFO 10488 --- [main] ConditionEvaluationReportLoggingListener : 

Error starting ApplicationContext. To display the conditions report re-run your application with 'debug' enabled.
2022-06-03 23:07:39.645  INFO 7108 --- [main] com.zdpx.weekly.WeeklyApplication        : Starting WeeklyApplication using Java 1.8.0_201 on DESKTOP-VRBHTPI with PID 7108 (D:\zdpx\weekly\target\classes started by guowx in D:\zdpx\weekly)
2022-06-03 23:07:39.648  INFO 7108 --- [main] com.zdpx.weekly.WeeklyApplication        : No active profile set, falling back to 1 default profile: "default"
2022-06-03 23:08:03.538  INFO 14092 --- [main] com.zdpx.weekly.WeeklyApplication        : Starting WeeklyApplication using Java 1.8.0_201 on DESKTOP-VRBHTPI with PID 14092 (D:\zdpx\weekly\target\classes started by guowx in D:\zdpx\weekly)
2022-06-03 23:08:03.540  INFO 14092 --- [main] com.zdpx.weekly.WeeklyApplication        : No active profile set, falling back to 1 default profile: "default"
2022-06-03 23:08:37.441  INFO 15956 --- [main] com.zdpx.weekly.WeeklyApplication        : Starting WeeklyApplication using Java 1.8.0_201 on DESKTOP-VRBHTPI with PID 15956 (D:\zdpx\weekly\target\classes started by guowx in D:\zdpx\weekly)
2022-06-03 23:08:37.444  INFO 15956 --- [main] com.zdpx.weekly.WeeklyApplication        : No active profile set, falling back to 1 default profile: "default"
2022-06-03 23:08:38.036  INFO 15956 --- [main] trationDelegate$BeanPostProcessorChecker : Bean 'org.springframework.ws.config.annotation.DelegatingWsConfiguration' of type [org.springframework.ws.config.annotation.DelegatingWsConfiguration$$EnhancerBySpringCGLIB$$3fed6b08] is not eligible for getting processed by all BeanPostProcessors (for example: not eligible for auto-proxying)
2022-06-03 23:08:38.059  INFO 15956 --- [main] .w.s.a.s.AnnotationActionEndpointMapping : Supporting [WS-Addressing August 2004, WS-Addressing 1.0]
2022-06-03 23:08:38.210  INFO 15956 --- [main] o.s.b.w.embedded.tomcat.TomcatWebServer  : Tomcat initialized with port(s): 8080 (http)
2022-06-03 23:08:38.216  INFO 15956 --- [main] o.apache.catalina.core.StandardService   : Starting service [Tomcat]
2022-06-03 23:08:38.216  INFO 15956 --- [main] org.apache.catalina.core.StandardEngine  : Starting Servlet engine: [Apache Tomcat/9.0.63]
2022-06-03 23:08:38.320  INFO 15956 --- [main] o.a.c.c.C.[Tomcat].[localhost].[/]       : Initializing Spring embedded WebApplicationContext
2022-06-03 23:08:38.320  INFO 15956 --- [main] w.s.c.ServletWebServerApplicationContext : Root WebApplicationContext: initialization completed in 831 ms
2022-06-03 23:08:39.566  INFO 15956 --- [main] o.s.b.w.embedded.tomcat.TomcatWebServer  : Tomcat started on port(s): 8080 (http) with context path ''
2022-06-03 23:08:39.574  INFO 15956 --- [main] com.zdpx.weekly.WeeklyApplication        : Started WeeklyApplication in 2.533 seconds (JVM running for 3.28)
2022-06-03 23:08:39.726  INFO 15956 --- [http-nio-8080-exec-1] o.a.c.c.C.[Tomcat].[localhost].[/]       : Initializing Spring DispatcherServlet 'dispatcherServlet'
2022-06-03 23:08:39.726  INFO 15956 --- [http-nio-8080-exec-1] o.s.web.servlet.DispatcherServlet        : Initializing Servlet 'dispatcherServlet'
2022-06-03 23:08:39.727  INFO 15956 --- [http-nio-8080-exec-1] o.s.web.servlet.DispatcherServlet        : Completed initialization in 1 ms
2022-06-03 23:17:31.225  INFO 15008 --- [main] com.zdpx.weekly.WeeklyApplication        : Starting WeeklyApplication using Java 1.8.0_201 on DESKTOP-VRBHTPI with PID 15008 (D:\zdpx\weekly\target\classes started by guowx in D:\zdpx\weekly)
2022-06-03 23:17:31.227  INFO 15008 --- [main] com.zdpx.weekly.WeeklyApplication        : No active profile set, falling back to 1 default profile: "default"
2022-06-03 23:17:31.936  INFO 15008 --- [main] trationDelegate$BeanPostProcessorChecker : Bean 'org.springframework.ws.config.annotation.DelegatingWsConfiguration' of type [org.springframework.ws.config.annotation.DelegatingWsConfiguration$$EnhancerBySpringCGLIB$$2a8e2781] is not eligible for getting processed by all BeanPostProcessors (for example: not eligible for auto-proxying)
2022-06-03 23:17:31.958  INFO 15008 --- [main] .w.s.a.s.AnnotationActionEndpointMapping : Supporting [WS-Addressing August 2004, WS-Addressing 1.0]
2022-06-03 23:17:32.112  INFO 15008 --- [main] o.s.b.w.embedded.tomcat.TomcatWebServer  : Tomcat initialized with port(s): 8080 (http)
2022-06-03 23:17:32.118  INFO 15008 --- [main] o.apache.catalina.core.StandardService   : Starting service [Tomcat]
2022-06-03 23:17:32.118  INFO 15008 --- [main] org.apache.catalina.core.StandardEngine  : Starting Servlet engine: [Apache Tomcat/9.0.63]
2022-06-03 23:17:32.214  INFO 15008 --- [main] o.a.c.c.C.[Tomcat].[localhost].[/]       : Initializing Spring embedded WebApplicationContext
2022-06-03 23:17:32.214  INFO 15008 --- [main] w.s.c.ServletWebServerApplicationContext : Root WebApplicationContext: initialization completed in 955 ms
2022-06-03 23:17:33.369  INFO 15008 --- [main] pertySourcedRequestMappingHandlerMapping : Mapped URL path [/v2/api-docs] onto method [springfox.documentation.swagger2.web.Swagger2Controller#getDocumentation(String, HttpServletRequest)]
2022-06-03 23:17:33.566  INFO 15008 --- [main] o.s.b.w.embedded.tomcat.TomcatWebServer  : Tomcat started on port(s): 8080 (http) with context path ''
2022-06-03 23:17:33.567  INFO 15008 --- [main] d.s.w.p.DocumentationPluginsBootstrapper : Context refreshed
2022-06-03 23:17:33.579  INFO 15008 --- [main] d.s.w.p.DocumentationPluginsBootstrapper : Found 1 custom documentation plugin(s)
2022-06-03 23:17:33.602  INFO 15008 --- [http-nio-8080-exec-5] o.a.c.c.C.[Tomcat].[localhost].[/]       : Initializing Spring DispatcherServlet 'dispatcherServlet'
2022-06-03 23:17:33.602  INFO 15008 --- [http-nio-8080-exec-5] o.s.web.servlet.DispatcherServlet        : Initializing Servlet 'dispatcherServlet'
2022-06-03 23:17:33.603  INFO 15008 --- [http-nio-8080-exec-5] o.s.web.servlet.DispatcherServlet        : Completed initialization in 1 ms
2022-06-03 23:17:33.618  INFO 15008 --- [main] s.d.s.w.s.ApiListingReferenceScanner     : Scanning for api listing references
2022-06-03 23:17:33.633  INFO 15008 --- [main] com.zdpx.weekly.WeeklyApplication        : Started WeeklyApplication in 2.808 seconds (JVM running for 3.559)
2022-06-03 23:18:51.773  INFO 1168 --- [main] com.zdpx.weekly.WeeklyApplication        : Starting WeeklyApplication using Java 1.8.0_201 on DESKTOP-VRBHTPI with PID 1168 (D:\zdpx\weekly\target\classes started by guowx in D:\zdpx\weekly)
2022-06-03 23:18:51.775  INFO 1168 --- [main] com.zdpx.weekly.WeeklyApplication        : No active profile set, falling back to 1 default profile: "default"
2022-06-03 23:18:52.469  INFO 1168 --- [main] trationDelegate$BeanPostProcessorChecker : Bean 'org.springframework.ws.config.annotation.DelegatingWsConfiguration' of type [org.springframework.ws.config.annotation.DelegatingWsConfiguration$$EnhancerBySpringCGLIB$$2a8e2781] is not eligible for getting processed by all BeanPostProcessors (for example: not eligible for auto-proxying)
2022-06-03 23:18:52.491  INFO 1168 --- [main] .w.s.a.s.AnnotationActionEndpointMapping : Supporting [WS-Addressing August 2004, WS-Addressing 1.0]
2022-06-03 23:18:52.641  INFO 1168 --- [main] o.s.b.w.embedded.tomcat.TomcatWebServer  : Tomcat initialized with port(s): 8080 (http)
2022-06-03 23:18:52.646  INFO 1168 --- [main] o.apache.catalina.core.StandardService   : Starting service [Tomcat]
2022-06-03 23:18:52.647  INFO 1168 --- [main] org.apache.catalina.core.StandardEngine  : Starting Servlet engine: [Apache Tomcat/9.0.63]
2022-06-03 23:18:52.745  INFO 1168 --- [main] o.a.c.c.C.[Tomcat].[localhost].[/]       : Initializing Spring embedded WebApplicationContext
2022-06-03 23:18:52.747  INFO 1168 --- [main] w.s.c.ServletWebServerApplicationContext : Root WebApplicationContext: initialization completed in 937 ms
2022-06-03 23:18:53.923  INFO 1168 --- [main] pertySourcedRequestMappingHandlerMapping : Mapped URL path [/v2/api-docs] onto method [springfox.documentation.swagger2.web.Swagger2Controller#getDocumentation(String, HttpServletRequest)]
2022-06-03 23:18:54.121  INFO 1168 --- [main] o.s.b.w.embedded.tomcat.TomcatWebServer  : Tomcat started on port(s): 8080 (http) with context path ''
2022-06-03 23:18:54.122  INFO 1168 --- [main] d.s.w.p.DocumentationPluginsBootstrapper : Context refreshed
2022-06-03 23:18:54.134  INFO 1168 --- [main] d.s.w.p.DocumentationPluginsBootstrapper : Found 1 custom documentation plugin(s)
2022-06-03 23:18:54.168  INFO 1168 --- [main] s.d.s.w.s.ApiListingReferenceScanner     : Scanning for api listing references
2022-06-03 23:18:54.218  INFO 1168 --- [http-nio-8080-exec-5] o.a.c.c.C.[Tomcat].[localhost].[/]       : Initializing Spring DispatcherServlet 'dispatcherServlet'
2022-06-03 23:18:54.218  INFO 1168 --- [http-nio-8080-exec-5] o.s.web.servlet.DispatcherServlet        : Initializing Servlet 'dispatcherServlet'
2022-06-03 23:18:54.219  INFO 1168 --- [http-nio-8080-exec-5] o.s.web.servlet.DispatcherServlet        : Completed initialization in 1 ms
2022-06-03 23:18:54.291  INFO 1168 --- [main] .d.s.w.r.o.CachingOperationNameGenerator : Generating unique operation named: addUsingPOST_1
2022-06-03 23:18:54.293  INFO 1168 --- [main] .d.s.w.r.o.CachingOperationNameGenerator : Generating unique operation named: batchRemoveUsingDELETE_1
2022-06-03 23:18:54.294  INFO 1168 --- [main] .d.s.w.r.o.CachingOperationNameGenerator : Generating unique operation named: deleteByIdUsingDELETE_1
2022-06-03 23:18:54.296  INFO 1168 --- [main] .d.s.w.r.o.CachingOperationNameGenerator : Generating unique operation named: detailUsingGET_1
2022-06-03 23:18:54.300  INFO 1168 --- [main] .d.s.w.r.o.CachingOperationNameGenerator : Generating unique operation named: listUsingGET_1
2022-06-03 23:18:54.307  INFO 1168 --- [main] .d.s.w.r.o.CachingOperationNameGenerator : Generating unique operation named: searchUsingGET_1
2022-06-03 23:18:54.309  INFO 1168 --- [main] .d.s.w.r.o.CachingOperationNameGenerator : Generating unique operation named: updateByIdUsingPUT_1
2022-06-03 23:18:54.316  INFO 1168 --- [main] .d.s.w.r.o.CachingOperationNameGenerator : Generating unique operation named: addUsingPOST_2
2022-06-03 23:18:54.317  INFO 1168 --- [main] .d.s.w.r.o.CachingOperationNameGenerator : Generating unique operation named: batchRemoveUsingDELETE_2
2022-06-03 23:18:54.318  INFO 1168 --- [main] .d.s.w.r.o.CachingOperationNameGenerator : Generating unique operation named: deleteByIdUsingDELETE_2
2022-06-03 23:18:54.320  INFO 1168 --- [main] .d.s.w.r.o.CachingOperationNameGenerator : Generating unique operation named: detailUsingGET_2
2022-06-03 23:18:54.325  INFO 1168 --- [main] .d.s.w.r.o.CachingOperationNameGenerator : Generating unique operation named: listUsingGET_2
2022-06-03 23:18:54.331  INFO 1168 --- [main] .d.s.w.r.o.CachingOperationNameGenerator : Generating unique operation named: searchUsingGET_2
2022-06-03 23:18:54.333  INFO 1168 --- [main] .d.s.w.r.o.CachingOperationNameGenerator : Generating unique operation named: updateByIdUsingPUT_2
2022-06-03 23:18:54.339  INFO 1168 --- [main] .d.s.w.r.o.CachingOperationNameGenerator : Generating unique operation named: addUsingPOST_3
2022-06-03 23:18:54.340  INFO 1168 --- [main] .d.s.w.r.o.CachingOperationNameGenerator : Generating unique operation named: batchRemoveUsingDELETE_3
2022-06-03 23:18:54.342  INFO 1168 --- [main] .d.s.w.r.o.CachingOperationNameGenerator : Generating unique operation named: deleteByIdUsingDELETE_3
2022-06-03 23:18:54.344  INFO 1168 --- [main] .d.s.w.r.o.CachingOperationNameGenerator : Generating unique operation named: detailUsingGET_3
2022-06-03 23:18:54.348  INFO 1168 --- [main] .d.s.w.r.o.CachingOperationNameGenerator : Generating unique operation named: listUsingGET_3
2022-06-03 23:18:54.355  INFO 1168 --- [main] .d.s.w.r.o.CachingOperationNameGenerator : Generating unique operation named: searchUsingGET_3
2022-06-03 23:18:54.357  INFO 1168 --- [main] .d.s.w.r.o.CachingOperationNameGenerator : Generating unique operation named: updateByIdUsingPUT_3
2022-06-03 23:18:54.362  INFO 1168 --- [main] .d.s.w.r.o.CachingOperationNameGenerator : Generating unique operation named: addUsingPOST_4
2022-06-03 23:18:54.364  INFO 1168 --- [main] .d.s.w.r.o.CachingOperationNameGenerator : Generating unique operation named: batchRemoveUsingDELETE_4
2022-06-03 23:18:54.366  INFO 1168 --- [main] .d.s.w.r.o.CachingOperationNameGenerator : Generating unique operation named: deleteByIdUsingDELETE_4
2022-06-03 23:18:54.367  INFO 1168 --- [main] .d.s.w.r.o.CachingOperationNameGenerator : Generating unique operation named: detailUsingGET_4
2022-06-03 23:18:54.371  INFO 1168 --- [main] .d.s.w.r.o.CachingOperationNameGenerator : Generating unique operation named: listUsingGET_4
2022-06-03 23:18:54.377  INFO 1168 --- [main] .d.s.w.r.o.CachingOperationNameGenerator : Generating unique operation named: searchUsingGET_4
2022-06-03 23:18:54.379  INFO 1168 --- [main] .d.s.w.r.o.CachingOperationNameGenerator : Generating unique operation named: updateByIdUsingPUT_4
2022-06-03 23:18:54.396  INFO 1168 --- [main] com.zdpx.weekly.WeeklyApplication        : Started WeeklyApplication in 3.003 seconds (JVM running for 3.742)
2022-06-03 23:27:57.544  INFO 1168 --- [http-nio-8080-exec-3] com.alibaba.druid.pool.DruidDataSource   : {dataSource-1} inited
2022-06-03 23:30:57.382  INFO 14876 --- [main] com.zdpx.weekly.WeeklyApplication        : Starting WeeklyApplication using Java 1.8.0_201 on DESKTOP-VRBHTPI with PID 14876 (D:\zdpx\weekly\target\classes started by guowx in D:\zdpx\weekly)
2022-06-03 23:30:57.384  INFO 14876 --- [main] com.zdpx.weekly.WeeklyApplication        : No active profile set, falling back to 1 default profile: "default"
2022-06-03 23:30:58.102  INFO 14876 --- [main] trationDelegate$BeanPostProcessorChecker : Bean 'org.springframework.ws.config.annotation.DelegatingWsConfiguration' of type [org.springframework.ws.config.annotation.DelegatingWsConfiguration$$EnhancerBySpringCGLIB$$8418c66e] is not eligible for getting processed by all BeanPostProcessors (for example: not eligible for auto-proxying)
2022-06-03 23:30:58.125  INFO 14876 --- [main] .w.s.a.s.AnnotationActionEndpointMapping : Supporting [WS-Addressing August 2004, WS-Addressing 1.0]
2022-06-03 23:30:58.283  INFO 14876 --- [main] o.s.b.w.embedded.tomcat.TomcatWebServer  : Tomcat initialized with port(s): 8080 (http)
2022-06-03 23:30:58.289  INFO 14876 --- [main] o.apache.catalina.core.StandardService   : Starting service [Tomcat]
2022-06-03 23:30:58.289  INFO 14876 --- [main] org.apache.catalina.core.StandardEngine  : Starting Servlet engine: [Apache Tomcat/9.0.63]
2022-06-03 23:30:58.391  INFO 14876 --- [main] o.a.c.c.C.[Tomcat].[localhost].[/]       : Initializing Spring embedded WebApplicationContext
2022-06-03 23:30:58.391  INFO 14876 --- [main] w.s.c.ServletWebServerApplicationContext : Root WebApplicationContext: initialization completed in 975 ms
2022-06-03 23:30:59.557  INFO 14876 --- [main] pertySourcedRequestMappingHandlerMapping : Mapped URL path [/v2/api-docs] onto method [springfox.documentation.swagger2.web.Swagger2Controller#getDocumentation(String, HttpServletRequest)]
2022-06-03 23:30:59.755  INFO 14876 --- [main] o.s.b.w.embedded.tomcat.TomcatWebServer  : Tomcat started on port(s): 8080 (http) with context path ''
2022-06-03 23:30:59.756  INFO 14876 --- [main] d.s.w.p.DocumentationPluginsBootstrapper : Context refreshed
2022-06-03 23:30:59.768  INFO 14876 --- [main] d.s.w.p.DocumentationPluginsBootstrapper : Found 1 custom documentation plugin(s)
2022-06-03 23:30:59.803  INFO 14876 --- [main] s.d.s.w.s.ApiListingReferenceScanner     : Scanning for api listing references
2022-06-03 23:30:59.864  INFO 14876 --- [http-nio-8080-exec-1] o.a.c.c.C.[Tomcat].[localhost].[/]       : Initializing Spring DispatcherServlet 'dispatcherServlet'
2022-06-03 23:30:59.865  INFO 14876 --- [http-nio-8080-exec-1] o.s.web.servlet.DispatcherServlet        : Initializing Servlet 'dispatcherServlet'
2022-06-03 23:30:59.866  INFO 14876 --- [http-nio-8080-exec-1] o.s.web.servlet.DispatcherServlet        : Completed initialization in 1 ms
2022-06-03 23:30:59.923  INFO 14876 --- [main] .d.s.w.r.o.CachingOperationNameGenerator : Generating unique operation named: addUsingPOST_1
2022-06-03 23:30:59.925  INFO 14876 --- [main] .d.s.w.r.o.CachingOperationNameGenerator : Generating unique operation named: batchRemoveUsingDELETE_1
2022-06-03 23:30:59.928  INFO 14876 --- [main] .d.s.w.r.o.CachingOperationNameGenerator : Generating unique operation named: deleteByIdUsingDELETE_1
2022-06-03 23:30:59.930  INFO 14876 --- [main] .d.s.w.r.o.CachingOperationNameGenerator : Generating unique operation named: detailUsingGET_1
2022-06-03 23:30:59.936  INFO 14876 --- [main] .d.s.w.r.o.CachingOperationNameGenerator : Generating unique operation named: listUsingGET_1
2022-06-03 23:30:59.943  INFO 14876 --- [main] .d.s.w.r.o.CachingOperationNameGenerator : Generating unique operation named: searchUsingGET_1
2022-06-03 23:30:59.945  INFO 14876 --- [main] .d.s.w.r.o.CachingOperationNameGenerator : Generating unique operation named: updateByIdUsingPUT_1
2022-06-03 23:30:59.955  INFO 14876 --- [main] .d.s.w.r.o.CachingOperationNameGenerator : Generating unique operation named: addUsingPOST_2
2022-06-03 23:30:59.957  INFO 14876 --- [main] .d.s.w.r.o.CachingOperationNameGenerator : Generating unique operation named: batchRemoveUsingDELETE_2
2022-06-03 23:30:59.959  INFO 14876 --- [main] .d.s.w.r.o.CachingOperationNameGenerator : Generating unique operation named: deleteByIdUsingDELETE_2
2022-06-03 23:30:59.961  INFO 14876 --- [main] .d.s.w.r.o.CachingOperationNameGenerator : Generating unique operation named: detailUsingGET_2
2022-06-03 23:30:59.967  INFO 14876 --- [main] .d.s.w.r.o.CachingOperationNameGenerator : Generating unique operation named: listUsingGET_2
2022-06-03 23:30:59.979  INFO 14876 --- [main] .d.s.w.r.o.CachingOperationNameGenerator : Generating unique operation named: searchUsingGET_2
2022-06-03 23:30:59.981  INFO 14876 --- [main] .d.s.w.r.o.CachingOperationNameGenerator : Generating unique operation named: updateByIdUsingPUT_2
2022-06-03 23:30:59.988  INFO 14876 --- [main] .d.s.w.r.o.CachingOperationNameGenerator : Generating unique operation named: addUsingPOST_3
2022-06-03 23:30:59.989  INFO 14876 --- [main] .d.s.w.r.o.CachingOperationNameGenerator : Generating unique operation named: batchRemoveUsingDELETE_3
2022-06-03 23:30:59.991  INFO 14876 --- [main] .d.s.w.r.o.CachingOperationNameGenerator : Generating unique operation named: deleteByIdUsingDELETE_3
2022-06-03 23:30:59.993  INFO 14876 --- [main] .d.s.w.r.o.CachingOperationNameGenerator : Generating unique operation named: detailUsingGET_3
2022-06-03 23:31:00.000  INFO 14876 --- [main] .d.s.w.r.o.CachingOperationNameGenerator : Generating unique operation named: listUsingGET_3
2022-06-03 23:31:00.006  INFO 14876 --- [main] .d.s.w.r.o.CachingOperationNameGenerator : Generating unique operation named: searchUsingGET_3
2022-06-03 23:31:00.007  INFO 14876 --- [main] .d.s.w.r.o.CachingOperationNameGenerator : Generating unique operation named: updateByIdUsingPUT_3
2022-06-03 23:31:00.014  INFO 14876 --- [main] .d.s.w.r.o.CachingOperationNameGenerator : Generating unique operation named: addUsingPOST_4
2022-06-03 23:31:00.016  INFO 14876 --- [main] .d.s.w.r.o.CachingOperationNameGenerator : Generating unique operation named: batchRemoveUsingDELETE_4
2022-06-03 23:31:00.017  INFO 14876 --- [main] .d.s.w.r.o.CachingOperationNameGenerator : Generating unique operation named: deleteByIdUsingDELETE_4
2022-06-03 23:31:00.018  INFO 14876 --- [main] .d.s.w.r.o.CachingOperationNameGenerator : Generating unique operation named: detailUsingGET_4
2022-06-03 23:31:00.022  INFO 14876 --- [main] .d.s.w.r.o.CachingOperationNameGenerator : Generating unique operation named: listUsingGET_4
2022-06-03 23:31:00.027  INFO 14876 --- [main] .d.s.w.r.o.CachingOperationNameGenerator : Generating unique operation named: searchUsingGET_4
2022-06-03 23:31:00.029  INFO 14876 --- [main] .d.s.w.r.o.CachingOperationNameGenerator : Generating unique operation named: updateByIdUsingPUT_4
2022-06-03 23:31:00.062  INFO 14876 --- [main] com.zdpx.weekly.WeeklyApplication        : Started WeeklyApplication in 3.073 seconds (JVM running for 3.808)
2022-06-03 23:31:34.397  INFO 14876 --- [http-nio-8080-exec-4] com.alibaba.druid.pool.DruidDataSource   : {dataSource-1} inited
